Warning[205] C:\USERS\GUO\DESKTOP\PROJECTS\MPAP\LAB 6.X\NEWASMTEMPLATE.ASM 1 : Found directive in column 1. (LIST)
Warning[207] C:\USERS\GUO\DESKTOP\PROJECTS\MPAP\LAB 6.X\NEWASMTEMPLATE.ASM 60 : Found label after column 1. (L1)
Warning[207] C:\USERS\GUO\DESKTOP\PROJECTS\MPAP\LAB 6.X\NEWASMTEMPLATE.ASM 61 : Found label after column 1. (L2)
Warning[207] C:\USERS\GUO\DESKTOP\PROJECTS\MPAP\LAB 6.X\NEWASMTEMPLATE.ASM 64 : Found label after column 1. (YEE)
Warning[207] C:\USERS\GUO\DESKTOP\PROJECTS\MPAP\LAB 6.X\NEWASMTEMPLATE.ASM 68 : Found label after column 1. (DLAY)
Warning[205] C:\USERS\GUO\DESKTOP\PROJECTS\MPAP\LAB 6.X\NEWASMTEMPLATE.ASM 86 : Found directive in column 1. (endm)
Warning[207] C:\USERS\GUO\DESKTOP\PROJECTS\MPAP\LAB 6.X\NEWASMTEMPLATE.ASM 73 : Found label after column 1. (loop2)
Warning[207] C:\USERS\GUO\DESKTOP\PROJECTS\MPAP\LAB 6.X\NEWASMTEMPLATE.ASM 76 : Found label after column 1. (loop1)
Warning[207] C:\USERS\GUO\DESKTOP\PROJECTS\MPAP\LAB 6.X\NEWASMTEMPLATE.ASM 73 : Found label after column 1. (loop2)
Warning[207] C:\USERS\GUO\DESKTOP\PROJECTS\MPAP\LAB 6.X\NEWASMTEMPLATE.ASM 76 : Found label after column 1. (loop1)
Warning[207] C:\USERS\GUO\DESKTOP\PROJECTS\MPAP\LAB 6.X\NEWASMTEMPLATE.ASM 73 : Found label after column 1. (loop2)
Warning[207] C:\USERS\GUO\DESKTOP\PROJECTS\MPAP\LAB 6.X\NEWASMTEMPLATE.ASM 76 : Found label after column 1. (loop1)
Warning[207] C:\USERS\GUO\DESKTOP\PROJECTS\MPAP\LAB 6.X\NEWASMTEMPLATE.ASM 73 : Found label after column 1. (loop2)
Warning[207] C:\USERS\GUO\DESKTOP\PROJECTS\MPAP\LAB 6.X\NEWASMTEMPLATE.ASM 76 : Found label after column 1. (loop1)
Warning[207] C:\USERS\GUO\DESKTOP\PROJECTS\MPAP\LAB 6.X\NEWASMTEMPLATE.ASM 73 : Found label after column 1. (loop2)
Warning[207] C:\USERS\GUO\DESKTOP\PROJECTS\MPAP\LAB 6.X\NEWASMTEMPLATE.ASM 76 : Found label after column 1. (loop1)
Warning[207] C:\USERS\GUO\DESKTOP\PROJECTS\MPAP\LAB 6.X\NEWASMTEMPLATE.ASM 73 : Found label after column 1. (loop2)
Warning[207] C:\USERS\GUO\DESKTOP\PROJECTS\MPAP\LAB 6.X\NEWASMTEMPLATE.ASM 76 : Found label after column 1. (loop1)
Warning[207] C:\USERS\GUO\DESKTOP\PROJECTS\MPAP\LAB 6.X\NEWASMTEMPLATE.ASM 73 : Found label after column 1. (loop2)
Warning[207] C:\USERS\GUO\DESKTOP\PROJECTS\MPAP\LAB 6.X\NEWASMTEMPLATE.ASM 76 : Found label after column 1. (loop1)
Warning[207] C:\USERS\GUO\DESKTOP\PROJECTS\MPAP\LAB 6.X\NEWASMTEMPLATE.ASM 73 : Found label after column 1. (loop2)
Warning[207] C:\USERS\GUO\DESKTOP\PROJECTS\MPAP\LAB 6.X\NEWASMTEMPLATE.ASM 76 : Found label after column 1. (loop1)
Warning[207] C:\USERS\GUO\DESKTOP\PROJECTS\MPAP\LAB 6.X\NEWASMTEMPLATE.ASM 126 : Found label after column 1. (DO_NOTHING)
Warning[205] C:\USERS\GUO\DESKTOP\PROJECTS\MPAP\LAB 6.X\NEWASMTEMPLATE.ASM 132 : Found directive in column 1. (end)
